0 info it worked if it ends with ok
1 verbose cli [ '/home/sushant/.nvm/versions/node/v6.12.3/bin/node',
1 verbose cli   '/home/sushant/.nvm/versions/node/v6.12.3/bin/npm',
1 verbose cli   'publish' ]
2 info using npm@3.10.10
3 info using node@v6.12.3
4 verbose publish [ '.' ]
5 silly cache add args [ '.', null ]
6 verbose cache add spec .
7 silly cache add parsed spec Result {
7 silly cache add   raw: '.',
7 silly cache add   scope: null,
7 silly cache add   escapedName: null,
7 silly cache add   name: null,
7 silly cache add   rawSpec: '.',
7 silly cache add   spec: '/var/www/github/semantic-test',
7 silly cache add   type: 'directory' }
8 verbose addLocalDirectory /home/sushant/.npm/semantic-test/1.0.0/package.tgz not in flight; packing
9 verbose correctMkdir /home/sushant/.npm correctMkdir not in flight; initializing
10 info lifecycle semantic-test@1.0.0~prepublish: semantic-test@1.0.0
11 silly lifecycle semantic-test@1.0.0~prepublish: no script for prepublish, continuing
12 verbose tar pack [ '/home/sushant/.npm/semantic-test/1.0.0/package.tgz',
12 verbose tar pack   '/var/www/github/semantic-test' ]
13 verbose tarball /home/sushant/.npm/semantic-test/1.0.0/package.tgz
14 verbose folder /var/www/github/semantic-test
15 verbose addLocalTarball adding from inside cache /home/sushant/.npm/semantic-test/1.0.0/package.tgz
16 verbose correctMkdir /home/sushant/.npm correctMkdir not in flight; initializing
17 silly cache afterAdd semantic-test@1.0.0
18 verbose afterAdd /home/sushant/.npm/semantic-test/1.0.0/package/package.json not in flight; writing
19 verbose correctMkdir /home/sushant/.npm correctMkdir not in flight; initializing
20 verbose afterAdd /home/sushant/.npm/semantic-test/1.0.0/package/package.json written
21 silly publish { name: 'semantic-test',
21 silly publish   version: '1.0.0',
21 silly publish   description: '',
21 silly publish   main: 'index.js',
21 silly publish   dependencies: {},
21 silly publish   devDependencies: { 'semantic-release': '^15.0.2' },
21 silly publish   scripts:
21 silly publish    { test: 'echo "Error: no test specified" && exit 1',
21 silly publish      'semantic-release': 'semantic-release' },
21 silly publish   repository:
21 silly publish    { type: 'git',
21 silly publish      url: 'git+https://github.com/sushantdhiman/semantic-test.git' },
21 silly publish   author: '',
21 silly publish   license: 'ISC',
21 silly publish   bugs: { url: 'https://github.com/sushantdhiman/semantic-test/issues' },
21 silly publish   homepage: 'https://github.com/sushantdhiman/semantic-test#readme',
21 silly publish   gitHead: '7a5bd7ae013271da6fd5535c8e8ed44b4e106dca',
21 silly publish   readme: 'ERROR: No README data found!',
21 silly publish   _id: 'semantic-test@1.0.0',
21 silly publish   _shasum: '5f39e3618b724199efa25eead3c841e82abb03f1',
21 silly publish   _from: '.' }
22 verbose getPublishConfig undefined
23 silly mapToRegistry name semantic-test
24 silly mapToRegistry using default registry
25 silly mapToRegistry registry https://registry.npmjs.org/
26 silly mapToRegistry data Result {
26 silly mapToRegistry   raw: 'semantic-test',
26 silly mapToRegistry   scope: null,
26 silly mapToRegistry   escapedName: 'semantic-test',
26 silly mapToRegistry   name: 'semantic-test',
26 silly mapToRegistry   rawSpec: '',
26 silly mapToRegistry   spec: 'latest',
26 silly mapToRegistry   type: 'tag' }
27 silly mapToRegistry uri https://registry.npmjs.org/semantic-test
28 verbose publish registryBase https://registry.npmjs.org/
29 silly publish uploading /home/sushant/.npm/semantic-test/1.0.0/package.tgz
30 verbose request uri https://registry.npmjs.org/semantic-test
31 verbose request sending authorization for write operation
32 info attempt registry request try #1 at 10:47:02 AM
33 verbose request using bearer token for auth
34 verbose request id aaf29d8d21a2f2f4
35 http request PUT https://registry.npmjs.org/semantic-test
36 http 403 https://registry.npmjs.org/semantic-test
37 verbose headers { 'content-type': 'application/json',
37 verbose headers   'cache-control': 'max-age=300',
37 verbose headers   'content-length': '107',
37 verbose headers   'accept-ranges': 'bytes',
37 verbose headers   date: 'Sun, 11 Mar 2018 05:17:04 GMT',
37 verbose headers   via: '1.1 varnish',
37 verbose headers   connection: 'keep-alive',
37 verbose headers   'x-served-by': 'cache-ams4448-AMS',
37 verbose headers   'x-cache': 'MISS',
37 verbose headers   'x-cache-hits': '0',
37 verbose headers   'x-timer': 'S1520745423.389513,VS0,VE1015',
37 verbose headers   vary: 'Accept-Encoding, Accept' }
38 verbose request invalidating /home/sushant/.npm/registry.npmjs.org/semantic-test on PUT
39 error publish Failed PUT 403
40 verbose stack Error: You do not have permission to publish "semantic-test". Are you logged in as the correct user? : semantic-test
40 verbose stack     at makeError (/home/sushant/.nvm/versions/node/v6.12.3/lib/node_modules/npm/node_modules/npm-registry-client/lib/request.js:302:12)
40 verbose stack     at CachingRegistryClient.<anonymous> (/home/sushant/.nvm/versions/node/v6.12.3/lib/node_modules/npm/node_modules/npm-registry-client/lib/request.js:290:14)
40 verbose stack     at Request._callback (/home/sushant/.nvm/versions/node/v6.12.3/lib/node_modules/npm/node_modules/npm-registry-client/lib/request.js:210:14)
40 verbose stack     at Request.self.callback (/home/sushant/.nvm/versions/node/v6.12.3/lib/node_modules/npm/node_modules/request/request.js:187:22)
40 verbose stack     at emitTwo (events.js:106:13)
40 verbose stack     at Request.emit (events.js:191:7)
40 verbose stack     at Request.<anonymous> (/home/sushant/.nvm/versions/node/v6.12.3/lib/node_modules/npm/node_modules/request/request.js:1048:10)
40 verbose stack     at emitOne (events.js:96:13)
40 verbose stack     at Request.emit (events.js:188:7)
40 verbose stack     at IncomingMessage.<anonymous> (/home/sushant/.nvm/versions/node/v6.12.3/lib/node_modules/npm/node_modules/request/request.js:969:12)
41 verbose statusCode 403
42 verbose pkgid semantic-test
43 verbose cwd /var/www/github/semantic-test
44 error Linux 4.13.0-36-generic
45 error argv "/home/sushant/.nvm/versions/node/v6.12.3/bin/node" "/home/sushant/.nvm/versions/node/v6.12.3/bin/npm" "publish"
46 error node v6.12.3
47 error npm  v3.10.10
48 error code E403
49 error You do not have permission to publish "semantic-test". Are you logged in as the correct user? : semantic-test
50 error If you need help, you may report this error at:
50 error     <https://github.com/npm/npm/issues>
51 verbose exit [ 1, true ]
